usage: joe [-h] [-w WORKFLOW] [-c CONFIG] [-o OUTPUT] [-i] [-l] [-r]
           [-e [EXAMPLE]] [-v]
           [step ...]

positional arguments:
  step                  One or more workflow steps to run.

optional arguments:
  -h, --help            show this help message and exit
  -w WORKFLOW, --workflow WORKFLOW
                        Path to Workflow file.
  -c CONFIG, --config CONFIG
                        Path to the Configuration file.
  -o OUTPUT, --output OUTPUT
                        Path to output directory.
  -i, --invoke-reporter
                        Invokes the 'core.reporter' worklet by the end of the
                        workflow
  -l, --lint            Check integrity of workflow and exit.
  -r, --resources       List collected resources and exit.
  -e [EXAMPLE], --example [EXAMPLE]
                        Create a 'default.config' and 'example.workflow' in
                        `pwd` then exit.
  -v, --version         Print the version number of 'joe' and exit.

